[INFO  - 2018-03-15T03:24:00.859Z] GhostDriver - Main - running on port 57527
[INFO  - 2018-03-15T03:24:04.325Z] Session [501059c0-2800-11e8-8d68-83852a187e75] - page.settings - {"XSSAuditingEnabled":false,"javascriptCanCloseWindows":true,"javascriptCanOpenWindows":true,"javascriptEnabled":true,"loadImages":true,"localToRemoteUrlAccessEnabled":false,"userAgent":"Mozilla/5.0 (Windows NT 6.2; WOW64) AppleWebKit/538.1 (KHTML, like Gecko) PhantomJS/2.1.1 Safari/538.1","webSecurityEnabled":true}
[INFO  - 2018-03-15T03:24:04.325Z] Session [501059c0-2800-11e8-8d68-83852a187e75] - page.customHeaders:  - {}
[INFO  - 2018-03-15T03:24:04.325Z] Session [501059c0-2800-11e8-8d68-83852a187e75] - Session.negotiatedCapabilities - {"browserName":"phantomjs","version":"2.1.1","driverName":"ghostdriver","driverVersion":"1.2.0","platform":"windows-10-32bit","javascriptEnabled":true,"takesScreenshot":true,"handlesAlerts":false,"databaseEnabled":false,"locationContextEnabled":false,"applicationCacheEnabled":false,"browserConnectionEnabled":false,"cssSelectorsEnabled":true,"webStorageEnabled":false,"rotatable":false,"acceptSslCerts":false,"nativeEvents":true,"proxy":{"proxyType":"direct"}}
[INFO  - 2018-03-15T03:24:04.325Z] SessionManagerReqHand - _postNewSessionCommand - New Session Created: 501059c0-2800-11e8-8d68-83852a187e75
[INFO  - 2018-03-15T03:24:24.942Z] Session [501059c0-2800-11e8-8d68-83852a187e75] - page.settings - {"XSSAuditingEnabled":false,"javascriptCanCloseWindows":true,"javascriptCanOpenWindows":true,"javascriptEnabled":true,"loadImages":true,"localToRemoteUrlAccessEnabled":false,"userAgent":"Mozilla/5.0 (Windows NT 6.2; WOW64) AppleWebKit/538.1 (KHTML, like Gecko) PhantomJS/2.1.1 Safari/538.1","webSecurityEnabled":true}
[INFO  - 2018-03-15T03:24:24.942Z] Session [501059c0-2800-11e8-8d68-83852a187e75] - page.customHeaders:  - {}
[INFO  - 2018-03-15T03:24:45.605Z] Session [501059c0-2800-11e8-8d68-83852a187e75] - page.settings - {"XSSAuditingEnabled":false,"javascriptCanCloseWindows":true,"javascriptCanOpenWindows":true,"javascriptEnabled":true,"loadImages":true,"localToRemoteUrlAccessEnabled":false,"userAgent":"Mozilla/5.0 (Windows NT 6.2; WOW64) AppleWebKit/538.1 (KHTML, like Gecko) PhantomJS/2.1.1 Safari/538.1","webSecurityEnabled":true}
[INFO  - 2018-03-15T03:24:45.606Z] Session [501059c0-2800-11e8-8d68-83852a187e75] - page.customHeaders:  - {}
[INFO  - 2018-03-15T03:25:04.742Z] Session [501059c0-2800-11e8-8d68-83852a187e75] - page.settings - {"XSSAuditingEnabled":false,"javascriptCanCloseWindows":true,"javascriptCanOpenWindows":true,"javascriptEnabled":true,"loadImages":true,"localToRemoteUrlAccessEnabled":false,"userAgent":"Mozilla/5.0 (Windows NT 6.2; WOW64) AppleWebKit/538.1 (KHTML, like Gecko) PhantomJS/2.1.1 Safari/538.1","webSecurityEnabled":true}
[INFO  - 2018-03-15T03:25:04.743Z] Session [501059c0-2800-11e8-8d68-83852a187e75] - page.customHeaders:  - {}
[INFO  - 2018-03-15T03:25:31.901Z] Session [501059c0-2800-11e8-8d68-83852a187e75] - page.settings - {"XSSAuditingEnabled":false,"javascriptCanCloseWindows":true,"javascriptCanOpenWindows":true,"javascriptEnabled":true,"loadImages":true,"localToRemoteUrlAccessEnabled":false,"userAgent":"Mozilla/5.0 (Windows NT 6.2; WOW64) AppleWebKit/538.1 (KHTML, like Gecko) PhantomJS/2.1.1 Safari/538.1","webSecurityEnabled":true}
[INFO  - 2018-03-15T03:25:31.901Z] Session [501059c0-2800-11e8-8d68-83852a187e75] - page.customHeaders:  - {}
[INFO  - 2018-03-15T03:25:55.103Z] Session [501059c0-2800-11e8-8d68-83852a187e75] - page.settings - {"XSSAuditingEnabled":false,"javascriptCanCloseWindows":true,"javascriptCanOpenWindows":true,"javascriptEnabled":true,"loadImages":true,"localToRemoteUrlAccessEnabled":false,"userAgent":"Mozilla/5.0 (Windows NT 6.2; WOW64) AppleWebKit/538.1 (KHTML, like Gecko) PhantomJS/2.1.1 Safari/538.1","webSecurityEnabled":true}
[INFO  - 2018-03-15T03:25:55.103Z] Session [501059c0-2800-11e8-8d68-83852a187e75] - page.customHeaders:  - {}
[INFO  - 2018-03-15T03:26:13.706Z] Session [501059c0-2800-11e8-8d68-83852a187e75] - page.settings - {"XSSAuditingEnabled":false,"javascriptCanCloseWindows":true,"javascriptCanOpenWindows":true,"javascriptEnabled":true,"loadImages":true,"localToRemoteUrlAccessEnabled":false,"userAgent":"Mozilla/5.0 (Windows NT 6.2; WOW64) AppleWebKit/538.1 (KHTML, like Gecko) PhantomJS/2.1.1 Safari/538.1","webSecurityEnabled":true}
[INFO  - 2018-03-15T03:26:13.706Z] Session [501059c0-2800-11e8-8d68-83852a187e75] - page.customHeaders:  - {}
[INFO  - 2018-03-15T03:26:36.602Z] Session [501059c0-2800-11e8-8d68-83852a187e75] - page.settings - {"XSSAuditingEnabled":false,"javascriptCanCloseWindows":true,"javascriptCanOpenWindows":true,"javascriptEnabled":true,"loadImages":true,"localToRemoteUrlAccessEnabled":false,"userAgent":"Mozilla/5.0 (Windows NT 6.2; WOW64) AppleWebKit/538.1 (KHTML, like Gecko) PhantomJS/2.1.1 Safari/538.1","webSecurityEnabled":true}
[INFO  - 2018-03-15T03:26:36.602Z] Session [501059c0-2800-11e8-8d68-83852a187e75] - page.customHeaders:  - {}
[INFO  - 2018-03-15T03:26:57.571Z] Session [501059c0-2800-11e8-8d68-83852a187e75] - page.settings - {"XSSAuditingEnabled":false,"javascriptCanCloseWindows":true,"javascriptCanOpenWindows":true,"javascriptEnabled":true,"loadImages":true,"localToRemoteUrlAccessEnabled":false,"userAgent":"Mozilla/5.0 (Windows NT 6.2; WOW64) AppleWebKit/538.1 (KHTML, like Gecko) PhantomJS/2.1.1 Safari/538.1","webSecurityEnabled":true}
[INFO  - 2018-03-15T03:26:57.572Z] Session [501059c0-2800-11e8-8d68-83852a187e75] - page.customHeaders:  - {}
[INFO  - 2018-03-15T03:27:15.332Z] Session [501059c0-2800-11e8-8d68-83852a187e75] - page.settings - {"XSSAuditingEnabled":false,"javascriptCanCloseWindows":true,"javascriptCanOpenWindows":true,"javascriptEnabled":true,"loadImages":true,"localToRemoteUrlAccessEnabled":false,"userAgent":"Mozilla/5.0 (Windows NT 6.2; WOW64) AppleWebKit/538.1 (KHTML, like Gecko) PhantomJS/2.1.1 Safari/538.1","webSecurityEnabled":true}
[INFO  - 2018-03-15T03:27:15.333Z] Session [501059c0-2800-11e8-8d68-83852a187e75] - page.customHeaders:  - {}
[INFO  - 2018-03-15T03:27:36.685Z] Session [501059c0-2800-11e8-8d68-83852a187e75] - page.settings - {"XSSAuditingEnabled":false,"javascriptCanCloseWindows":true,"javascriptCanOpenWindows":true,"javascriptEnabled":true,"loadImages":true,"localToRemoteUrlAccessEnabled":false,"userAgent":"Mozilla/5.0 (Windows NT 6.2; WOW64) AppleWebKit/538.1 (KHTML, like Gecko) PhantomJS/2.1.1 Safari/538.1","webSecurityEnabled":true}
[INFO  - 2018-03-15T03:27:36.685Z] Session [501059c0-2800-11e8-8d68-83852a187e75] - page.customHeaders:  - {}
[INFO  - 2018-03-15T03:27:55.409Z] Session [501059c0-2800-11e8-8d68-83852a187e75] - page.settings - {"XSSAuditingEnabled":false,"javascriptCanCloseWindows":true,"javascriptCanOpenWindows":true,"javascriptEnabled":true,"loadImages":true,"localToRemoteUrlAccessEnabled":false,"userAgent":"Mozilla/5.0 (Windows NT 6.2; WOW64) AppleWebKit/538.1 (KHTML, like Gecko) PhantomJS/2.1.1 Safari/538.1","webSecurityEnabled":true}
[INFO  - 2018-03-15T03:27:55.409Z] Session [501059c0-2800-11e8-8d68-83852a187e75] - page.customHeaders:  - {}
[INFO  - 2018-03-15T03:28:18.109Z] Session [501059c0-2800-11e8-8d68-83852a187e75] - page.settings - {"XSSAuditingEnabled":false,"javascriptCanCloseWindows":true,"javascriptCanOpenWindows":true,"javascriptEnabled":true,"loadImages":true,"localToRemoteUrlAccessEnabled":false,"userAgent":"Mozilla/5.0 (Windows NT 6.2; WOW64) AppleWebKit/538.1 (KHTML, like Gecko) PhantomJS/2.1.1 Safari/538.1","webSecurityEnabled":true}
[INFO  - 2018-03-15T03:28:18.109Z] Session [501059c0-2800-11e8-8d68-83852a187e75] - page.customHeaders:  - {}
[INFO  - 2018-03-15T03:28:41.396Z] Session [501059c0-2800-11e8-8d68-83852a187e75] - page.settings - {"XSSAuditingEnabled":false,"javascriptCanCloseWindows":true,"javascriptCanOpenWindows":true,"javascriptEnabled":true,"loadImages":true,"localToRemoteUrlAccessEnabled":false,"userAgent":"Mozilla/5.0 (Windows NT 6.2; WOW64) AppleWebKit/538.1 (KHTML, like Gecko) PhantomJS/2.1.1 Safari/538.1","webSecurityEnabled":true}
[INFO  - 2018-03-15T03:28:41.396Z] Session [501059c0-2800-11e8-8d68-83852a187e75] - page.customHeaders:  - {}
[INFO  - 2018-03-15T03:29:00.825Z] SessionManagerReqHand - _cleanupWindowlessSessions - Asynchronous Sessions clean-up phase starting NOW
[INFO  - 2018-03-15T03:29:02.590Z] Session [501059c0-2800-11e8-8d68-83852a187e75] - page.settings - {"XSSAuditingEnabled":false,"javascriptCanCloseWindows":true,"javascriptCanOpenWindows":true,"javascriptEnabled":true,"loadImages":true,"localToRemoteUrlAccessEnabled":false,"userAgent":"Mozilla/5.0 (Windows NT 6.2; WOW64) AppleWebKit/538.1 (KHTML, like Gecko) PhantomJS/2.1.1 Safari/538.1","webSecurityEnabled":true}
[INFO  - 2018-03-15T03:29:02.590Z] Session [501059c0-2800-11e8-8d68-83852a187e75] - page.customHeaders:  - {}
[INFO  - 2018-03-15T03:29:22.288Z] Session [501059c0-2800-11e8-8d68-83852a187e75] - page.settings - {"XSSAuditingEnabled":false,"javascriptCanCloseWindows":true,"javascriptCanOpenWindows":true,"javascriptEnabled":true,"loadImages":true,"localToRemoteUrlAccessEnabled":false,"userAgent":"Mozilla/5.0 (Windows NT 6.2; WOW64) AppleWebKit/538.1 (KHTML, like Gecko) PhantomJS/2.1.1 Safari/538.1","webSecurityEnabled":true}
[INFO  - 2018-03-15T03:29:22.288Z] Session [501059c0-2800-11e8-8d68-83852a187e75] - page.customHeaders:  - {}
[INFO  - 2018-03-15T03:29:46.238Z] Session [501059c0-2800-11e8-8d68-83852a187e75] - page.settings - {"XSSAuditingEnabled":false,"javascriptCanCloseWindows":true,"javascriptCanOpenWindows":true,"javascriptEnabled":true,"loadImages":true,"localToRemoteUrlAccessEnabled":false,"userAgent":"Mozilla/5.0 (Windows NT 6.2; WOW64) AppleWebKit/538.1 (KHTML, like Gecko) PhantomJS/2.1.1 Safari/538.1","webSecurityEnabled":true}
[INFO  - 2018-03-15T03:29:46.238Z] Session [501059c0-2800-11e8-8d68-83852a187e75] - page.customHeaders:  - {}
[INFO  - 2018-03-15T03:30:07.598Z] Session [501059c0-2800-11e8-8d68-83852a187e75] - page.settings - {"XSSAuditingEnabled":false,"javascriptCanCloseWindows":true,"javascriptCanOpenWindows":true,"javascriptEnabled":true,"loadImages":true,"localToRemoteUrlAccessEnabled":false,"userAgent":"Mozilla/5.0 (Windows NT 6.2; WOW64) AppleWebKit/538.1 (KHTML, like Gecko) PhantomJS/2.1.1 Safari/538.1","webSecurityEnabled":true}
[INFO  - 2018-03-15T03:30:07.599Z] Session [501059c0-2800-11e8-8d68-83852a187e75] - page.customHeaders:  - {}
[INFO  - 2018-03-15T03:30:32.018Z] Session [501059c0-2800-11e8-8d68-83852a187e75] - page.settings - {"XSSAuditingEnabled":false,"javascriptCanCloseWindows":true,"javascriptCanOpenWindows":true,"javascriptEnabled":true,"loadImages":true,"localToRemoteUrlAccessEnabled":false,"userAgent":"Mozilla/5.0 (Windows NT 6.2; WOW64) AppleWebKit/538.1 (KHTML, like Gecko) PhantomJS/2.1.1 Safari/538.1","webSecurityEnabled":true}
[INFO  - 2018-03-15T03:30:32.019Z] Session [501059c0-2800-11e8-8d68-83852a187e75] - page.customHeaders:  - {}
[INFO  - 2018-03-15T03:30:51.090Z] Session [501059c0-2800-11e8-8d68-83852a187e75] - page.settings - {"XSSAuditingEnabled":false,"javascriptCanCloseWindows":true,"javascriptCanOpenWindows":true,"javascriptEnabled":true,"loadImages":true,"localToRemoteUrlAccessEnabled":false,"userAgent":"Mozilla/5.0 (Windows NT 6.2; WOW64) AppleWebKit/538.1 (KHTML, like Gecko) PhantomJS/2.1.1 Safari/538.1","webSecurityEnabled":true}
[INFO  - 2018-03-15T03:30:51.090Z] Session [501059c0-2800-11e8-8d68-83852a187e75] - page.customHeaders:  - {}
[INFO  - 2018-03-15T03:31:13.803Z] Session [501059c0-2800-11e8-8d68-83852a187e75] - page.settings - {"XSSAuditingEnabled":false,"javascriptCanCloseWindows":true,"javascriptCanOpenWindows":true,"javascriptEnabled":true,"loadImages":true,"localToRemoteUrlAccessEnabled":false,"userAgent":"Mozilla/5.0 (Windows NT 6.2; WOW64) AppleWebKit/538.1 (KHTML, like Gecko) PhantomJS/2.1.1 Safari/538.1","webSecurityEnabled":true}
[INFO  - 2018-03-15T03:31:13.803Z] Session [501059c0-2800-11e8-8d68-83852a187e75] - page.customHeaders:  - {}
[INFO  - 2018-03-15T03:31:32.437Z] Session [501059c0-2800-11e8-8d68-83852a187e75] - page.settings - {"XSSAuditingEnabled":false,"javascriptCanCloseWindows":true,"javascriptCanOpenWindows":true,"javascriptEnabled":true,"loadImages":true,"localToRemoteUrlAccessEnabled":false,"userAgent":"Mozilla/5.0 (Windows NT 6.2; WOW64) AppleWebKit/538.1 (KHTML, like Gecko) PhantomJS/2.1.1 Safari/538.1","webSecurityEnabled":true}
[INFO  - 2018-03-15T03:31:32.437Z] Session [501059c0-2800-11e8-8d68-83852a187e75] - page.customHeaders:  - {}
[INFO  - 2018-03-15T03:31:50.821Z] Session [501059c0-2800-11e8-8d68-83852a187e75] - page.settings - {"XSSAuditingEnabled":false,"javascriptCanCloseWindows":true,"javascriptCanOpenWindows":true,"javascriptEnabled":true,"loadImages":true,"localToRemoteUrlAccessEnabled":false,"userAgent":"Mozilla/5.0 (Windows NT 6.2; WOW64) AppleWebKit/538.1 (KHTML, like Gecko) PhantomJS/2.1.1 Safari/538.1","webSecurityEnabled":true}
[INFO  - 2018-03-15T03:31:50.821Z] Session [501059c0-2800-11e8-8d68-83852a187e75] - page.customHeaders:  - {}
[INFO  - 2018-03-15T03:32:12.870Z] Session [501059c0-2800-11e8-8d68-83852a187e75] - page.settings - {"XSSAuditingEnabled":false,"javascriptCanCloseWindows":true,"javascriptCanOpenWindows":true,"javascriptEnabled":true,"loadImages":true,"localToRemoteUrlAccessEnabled":false,"userAgent":"Mozilla/5.0 (Windows NT 6.2; WOW64) AppleWebKit/538.1 (KHTML, like Gecko) PhantomJS/2.1.1 Safari/538.1","webSecurityEnabled":true}
[INFO  - 2018-03-15T03:32:12.870Z] Session [501059c0-2800-11e8-8d68-83852a187e75] - page.customHeaders:  - {}
[INFO  - 2018-03-15T03:32:37.019Z] Session [501059c0-2800-11e8-8d68-83852a187e75] - page.settings - {"XSSAuditingEnabled":false,"javascriptCanCloseWindows":true,"javascriptCanOpenWindows":true,"javascriptEnabled":true,"loadImages":true,"localToRemoteUrlAccessEnabled":false,"userAgent":"Mozilla/5.0 (Windows NT 6.2; WOW64) AppleWebKit/538.1 (KHTML, like Gecko) PhantomJS/2.1.1 Safari/538.1","webSecurityEnabled":true}
[INFO  - 2018-03-15T03:32:37.019Z] Session [501059c0-2800-11e8-8d68-83852a187e75] - page.customHeaders:  - {}
[INFO  - 2018-03-15T03:32:58.247Z] Session [501059c0-2800-11e8-8d68-83852a187e75] - page.settings - {"XSSAuditingEnabled":false,"javascriptCanCloseWindows":true,"javascriptCanOpenWindows":true,"javascriptEnabled":true,"loadImages":true,"localToRemoteUrlAccessEnabled":false,"userAgent":"Mozilla/5.0 (Windows NT 6.2; WOW64) AppleWebKit/538.1 (KHTML, like Gecko) PhantomJS/2.1.1 Safari/538.1","webSecurityEnabled":true}
[INFO  - 2018-03-15T03:32:58.247Z] Session [501059c0-2800-11e8-8d68-83852a187e75] - page.customHeaders:  - {}
[INFO  - 2018-03-15T03:33:21.433Z] Session [501059c0-2800-11e8-8d68-83852a187e75] - page.settings - {"XSSAuditingEnabled":false,"javascriptCanCloseWindows":true,"javascriptCanOpenWindows":true,"javascriptEnabled":true,"loadImages":true,"localToRemoteUrlAccessEnabled":false,"userAgent":"Mozilla/5.0 (Windows NT 6.2; WOW64) AppleWebKit/538.1 (KHTML, like Gecko) PhantomJS/2.1.1 Safari/538.1","webSecurityEnabled":true}
[INFO  - 2018-03-15T03:33:21.433Z] Session [501059c0-2800-11e8-8d68-83852a187e75] - page.customHeaders:  - {}
[INFO  - 2018-03-15T03:33:48.136Z] Session [501059c0-2800-11e8-8d68-83852a187e75] - page.settings - {"XSSAuditingEnabled":false,"javascriptCanCloseWindows":true,"javascriptCanOpenWindows":true,"javascriptEnabled":true,"loadImages":true,"localToRemoteUrlAccessEnabled":false,"userAgent":"Mozilla/5.0 (Windows NT 6.2; WOW64) AppleWebKit/538.1 (KHTML, like Gecko) PhantomJS/2.1.1 Safari/538.1","webSecurityEnabled":true}
[INFO  - 2018-03-15T03:33:48.136Z] Session [501059c0-2800-11e8-8d68-83852a187e75] - page.customHeaders:  - {}
[INFO  - 2018-03-15T03:34:01.971Z] SessionManagerReqHand - _cleanupWindowlessSessions - Asynchronous Sessions clean-up phase starting NOW
[INFO  - 2018-03-15T03:34:11.346Z] Session [501059c0-2800-11e8-8d68-83852a187e75] - page.settings - {"XSSAuditingEnabled":false,"javascriptCanCloseWindows":true,"javascriptCanOpenWindows":true,"javascriptEnabled":true,"loadImages":true,"localToRemoteUrlAccessEnabled":false,"userAgent":"Mozilla/5.0 (Windows NT 6.2; WOW64) AppleWebKit/538.1 (KHTML, like Gecko) PhantomJS/2.1.1 Safari/538.1","webSecurityEnabled":true}
[INFO  - 2018-03-15T03:34:11.346Z] Session [501059c0-2800-11e8-8d68-83852a187e75] - page.customHeaders:  - {}
[INFO  - 2018-03-15T03:34:44.602Z] Session [501059c0-2800-11e8-8d68-83852a187e75] - page.settings - {"XSSAuditingEnabled":false,"javascriptCanCloseWindows":true,"javascriptCanOpenWindows":true,"javascriptEnabled":true,"loadImages":true,"localToRemoteUrlAccessEnabled":false,"userAgent":"Mozilla/5.0 (Windows NT 6.2; WOW64) AppleWebKit/538.1 (KHTML, like Gecko) PhantomJS/2.1.1 Safari/538.1","webSecurityEnabled":true}
[INFO  - 2018-03-15T03:34:44.603Z] Session [501059c0-2800-11e8-8d68-83852a187e75] - page.customHeaders:  - {}
[INFO  - 2018-03-15T03:35:08.581Z] Session [501059c0-2800-11e8-8d68-83852a187e75] - page.settings - {"XSSAuditingEnabled":false,"javascriptCanCloseWindows":true,"javascriptCanOpenWindows":true,"javascriptEnabled":true,"loadImages":true,"localToRemoteUrlAccessEnabled":false,"userAgent":"Mozilla/5.0 (Windows NT 6.2; WOW64) AppleWebKit/538.1 (KHTML, like Gecko) PhantomJS/2.1.1 Safari/538.1","webSecurityEnabled":true}
[INFO  - 2018-03-15T03:35:08.582Z] Session [501059c0-2800-11e8-8d68-83852a187e75] - page.customHeaders:  - {}
